2021-05-11 21:41:15 DEBUG request log not activated
2021-05-11 21:41:15 DEBUG response log not activated
2021-05-11 21:41:15 INFO  Dynatrace Monitoring as Code v1.5.0
2021-05-11 21:41:15 DEBUG Reading projects...
2021-05-11 21:41:15 DEBUG   project - monaco/projects/workshop
2021-05-11 21:41:15 DEBUG Processing file: monaco/projects/workshop/auto-tag/config.yaml
2021-05-11 21:41:15 DEBUG Processing file: monaco/projects/workshop/azure-credentials/config.yaml
2021-05-11 21:41:15 DEBUG Processing file: monaco/projects/workshop/management-zone/config.yaml
2021-05-11 21:41:15 DEBUG Processing file: monaco/projects/workshop/slo/config.yaml
2021-05-11 21:41:15 DEBUG 		monaco/projects/workshop/slo/services-slo has dep on monaco/projects/workshop/management-zone/dt-orders-services
2021-05-11 21:41:15 DEBUG 		monaco/projects/workshop/slo/monolith-slo has dep on monaco/projects/workshop/management-zone/dt-orders-monolith
2021-05-11 21:41:15 DEBUG 		monaco/projects/workshop/management-zone/dt-orders-services
2021-05-11 21:41:15 DEBUG 		monaco/projects/workshop/management-zone/dt-orders-monolith
2021-05-11 21:41:15 DEBUG 		monaco/projects/workshop/slo/services-slo
2021-05-11 21:41:15 DEBUG 		monaco/projects/workshop/slo/monolith-slo
2021-05-11 21:41:15 DEBUG 		monaco/projects/workshop/azure-credentials/credentials
2021-05-11 21:41:15 DEBUG 		monaco/projects/workshop/auto-tag/auto-tag-stage
2021-05-11 21:41:15 DEBUG 		monaco/projects/workshop/auto-tag/auto-tag-service
2021-05-11 21:41:15 DEBUG 		monaco/projects/workshop/auto-tag/auto-tag-project
2021-05-11 21:41:15 DEBUG Processing file: monaco/projects/workshop/auto-tag/config.yaml
2021-05-11 21:41:15 DEBUG Processing file: monaco/projects/workshop/azure-credentials/config.yaml
2021-05-11 21:41:15 DEBUG Processing file: monaco/projects/workshop/management-zone/config.yaml
2021-05-11 21:41:15 DEBUG Processing file: monaco/projects/workshop/slo/config.yaml
2021-05-11 21:41:15 DEBUG 		monaco/projects/workshop/slo/monolith-slo has dep on monaco/projects/workshop/management-zone/dt-orders-monolith
2021-05-11 21:41:15 DEBUG 		monaco/projects/workshop/slo/services-slo has dep on monaco/projects/workshop/management-zone/dt-orders-services
2021-05-11 21:41:15 DEBUG 		monaco/projects/workshop/management-zone/dt-orders-services
2021-05-11 21:41:15 DEBUG 		monaco/projects/workshop/management-zone/dt-orders-monolith
2021-05-11 21:41:15 DEBUG 		monaco/projects/workshop/slo/services-slo
2021-05-11 21:41:15 DEBUG 		monaco/projects/workshop/slo/monolith-slo
2021-05-11 21:41:15 DEBUG 		monaco/projects/workshop/azure-credentials/credentials
2021-05-11 21:41:15 DEBUG 		monaco/projects/workshop/auto-tag/auto-tag-service
2021-05-11 21:41:15 DEBUG 		monaco/projects/workshop/auto-tag/auto-tag-project
2021-05-11 21:41:15 DEBUG 		monaco/projects/workshop/auto-tag/auto-tag-stage
2021-05-11 21:41:15 DEBUG Sorting projects...
2021-05-11 21:41:15 INFO  Executing projects in this order: 
2021-05-11 21:41:15 INFO  	1: monaco/projects/workshop (8 configs)
2021-05-11 21:41:15 INFO  Processing environment workshop...
2021-05-11 21:41:15 INFO  	Processing project monaco/projects/workshop...
2021-05-11 21:41:15 DEBUG 		Deploying configs in this order: 
2021-05-11 21:41:15 DEBUG 			1: monaco/projects/workshop/management-zone/dt-orders-services.json
2021-05-11 21:41:15 DEBUG 			2: monaco/projects/workshop/management-zone/dt-orders-monolith.json
2021-05-11 21:41:15 DEBUG 			3: monaco/projects/workshop/slo/services-slo.json
2021-05-11 21:41:15 DEBUG 			4: monaco/projects/workshop/slo/monolith-slo.json
2021-05-11 21:41:15 DEBUG 			5: monaco/projects/workshop/azure-credentials/azure-credentials.json
2021-05-11 21:41:15 DEBUG 			6: monaco/projects/workshop/auto-tag/auto-tag-service.json
2021-05-11 21:41:15 DEBUG 			7: monaco/projects/workshop/auto-tag/auto-tag-project.json
2021-05-11 21:41:15 DEBUG 			8: monaco/projects/workshop/auto-tag/auto-tag-stage.json
2021-05-11 21:41:15 DEBUG 		Applying config `dt-orders-services` using monaco/projects/workshop/management-zone/dt-orders-services.json
2021-05-11 21:41:16 DEBUG 			Updated existing object for dt-orders-services (2783447253893226521)
2021-05-11 21:41:16 DEBUG 		Applying config `dt-orders-monolith` using monaco/projects/workshop/management-zone/dt-orders-monolith.json
2021-05-11 21:41:16 DEBUG 			Updated existing object for dt-orders-monolith (-6686670530716189460)
2021-05-11 21:41:16 DEBUG 		Applying config `DT-Orders Services Error Rate` using monaco/projects/workshop/slo/services-slo.json
2021-05-11 21:41:16 DEBUG 			Created new object for DT-Orders Services Error Rate ()
2021-05-11 21:41:16 DEBUG 		Applying config `DT-Orders Monolith Error Rate` using monaco/projects/workshop/slo/monolith-slo.json
2021-05-11 21:41:16 DEBUG 			Created new object for DT-Orders Monolith Error Rate ()
2021-05-11 21:41:16 DEBUG 		Applying config `azure-modernize-workshop` using monaco/projects/workshop/azure-credentials/azure-credentials.json
2021-05-11 21:41:16 DEBUG 			Updated existing object for azure-modernize-workshop (AZURE_CREDENTIALS-4C78FBEE37F2CFFC)
2021-05-11 21:41:16 DEBUG 		Applying config `service` using monaco/projects/workshop/auto-tag/auto-tag-service.json
2021-05-11 21:41:16 DEBUG 			Updated existing object for service (b77859a0-5c3c-4346-9e6b-f8aae2d06a75)
2021-05-11 21:41:16 DEBUG 		Applying config `project` using monaco/projects/workshop/auto-tag/auto-tag-project.json
2021-05-11 21:41:16 DEBUG 			Updated existing object for project (cbcec467-29c5-4f05-a59c-3a86e51f9820)
2021-05-11 21:41:16 DEBUG 		Applying config `stage` using monaco/projects/workshop/auto-tag/auto-tag-stage.json
2021-05-11 21:41:16 DEBUG 			Updated existing object for stage (d737112b-bc9a-4865-bd79-9c2cf8ce60d8)
2021-05-11 21:41:16 INFO  Deployment summary:
2021-05-11 21:41:16 INFO  Deployment finished without errors
2021-05-11 21:41:16 INFO  Deleting 8 configs for environment workshop...
2021-05-11 21:41:16 DEBUG 	Deleting config auto-tag-project (auto-tag)
2021-05-11 21:41:16 DEBUG 	Deleting config auto-tag-service (auto-tag)
2021-05-11 21:41:16 DEBUG 	Deleting config auto-tag-stage (auto-tag)
2021-05-11 21:41:16 DEBUG 	Deleting config dt-orders-monolith (management-zone)
2021-05-11 21:41:17 DEBUG 	Deleting config dt-orders-service (management-zone)
2021-05-11 21:41:17 DEBUG 	Deleting config azure-modernize-workshop (azure-credentials)
2021-05-11 21:41:17 DEBUG 	Deleting config DT-Orders Monolith Error Rate (slo)
2021-05-11 21:41:17 DEBUG 	Deleting config DT-Orders Services Error Rate (slo)
