2021-04-16 12:31:27 DEBUG request log not activated
2021-04-16 12:31:27 DEBUG response log not activated
2021-04-16 12:31:27 INFO  Dynatrace Monitoring as Code v1.5.0
2021-04-16 12:31:27 DEBUG Reading projects...
2021-04-16 12:31:27 DEBUG   project - monaco/projects/workshop
2021-04-16 12:31:27 DEBUG Processing file: monaco/projects/workshop/auto-tag/config.yaml
2021-04-16 12:31:27 DEBUG Processing file: monaco/projects/workshop/management-zone/config.yaml
2021-04-16 12:31:27 DEBUG Processing file: monaco/projects/workshop/slo/config.yaml
2021-04-16 12:31:27 DEBUG 		monaco/projects/workshop/slo/monolith-slo has dep on monaco/projects/workshop/management-zone/dt-orders-monolith
2021-04-16 12:31:27 DEBUG 		monaco/projects/workshop/slo/services-slo has dep on monaco/projects/workshop/management-zone/dt-orders-services
2021-04-16 12:31:27 DEBUG 		monaco/projects/workshop/management-zone/dt-orders-services
2021-04-16 12:31:27 DEBUG 		monaco/projects/workshop/management-zone/dt-orders-monolith
2021-04-16 12:31:27 DEBUG 		monaco/projects/workshop/slo/services-slo
2021-04-16 12:31:27 DEBUG 		monaco/projects/workshop/slo/monolith-slo
2021-04-16 12:31:27 DEBUG 		monaco/projects/workshop/auto-tag/auto-tag-stage
2021-04-16 12:31:27 DEBUG 		monaco/projects/workshop/auto-tag/auto-tag-service
2021-04-16 12:31:27 DEBUG 		monaco/projects/workshop/auto-tag/auto-tag-project
2021-04-16 12:31:27 DEBUG Processing file: monaco/projects/workshop/auto-tag/config.yaml
2021-04-16 12:31:27 DEBUG Processing file: monaco/projects/workshop/management-zone/config.yaml
2021-04-16 12:31:27 DEBUG Processing file: monaco/projects/workshop/slo/config.yaml
2021-04-16 12:31:27 DEBUG 		monaco/projects/workshop/slo/monolith-slo has dep on monaco/projects/workshop/management-zone/dt-orders-monolith
2021-04-16 12:31:27 DEBUG 		monaco/projects/workshop/slo/services-slo has dep on monaco/projects/workshop/management-zone/dt-orders-services
2021-04-16 12:31:27 DEBUG 		monaco/projects/workshop/management-zone/dt-orders-services
2021-04-16 12:31:27 DEBUG 		monaco/projects/workshop/management-zone/dt-orders-monolith
2021-04-16 12:31:27 DEBUG 		monaco/projects/workshop/slo/services-slo
2021-04-16 12:31:27 DEBUG 		monaco/projects/workshop/slo/monolith-slo
2021-04-16 12:31:27 DEBUG 		monaco/projects/workshop/auto-tag/auto-tag-project
2021-04-16 12:31:27 DEBUG 		monaco/projects/workshop/auto-tag/auto-tag-stage
2021-04-16 12:31:27 DEBUG 		monaco/projects/workshop/auto-tag/auto-tag-service
2021-04-16 12:31:27 DEBUG Sorting projects...
2021-04-16 12:31:27 INFO  Executing projects in this order: 
2021-04-16 12:31:27 INFO  	1: monaco/projects/workshop (7 configs)
2021-04-16 12:31:27 INFO  Processing environment workshop...
2021-04-16 12:31:27 INFO  	Processing project monaco/projects/workshop...
2021-04-16 12:31:27 DEBUG 		Deploying configs in this order: 
2021-04-16 12:31:27 DEBUG 			1: monaco/projects/workshop/management-zone/dt-orders-services.json
2021-04-16 12:31:27 DEBUG 			2: monaco/projects/workshop/management-zone/dt-orders-monolith.json
2021-04-16 12:31:27 DEBUG 			3: monaco/projects/workshop/slo/services-slo.json
2021-04-16 12:31:27 DEBUG 			4: monaco/projects/workshop/slo/monolith-slo.json
2021-04-16 12:31:27 DEBUG 			5: monaco/projects/workshop/auto-tag/auto-tag-project.json
2021-04-16 12:31:27 DEBUG 			6: monaco/projects/workshop/auto-tag/auto-tag-stage.json
2021-04-16 12:31:27 DEBUG 			7: monaco/projects/workshop/auto-tag/auto-tag-service.json
2021-04-16 12:31:27 DEBUG 		Validating config monaco/projects/workshop/management-zone/dt-orders-services.json
2021-04-16 12:31:27 DEBUG 		Validating config monaco/projects/workshop/management-zone/dt-orders-monolith.json
2021-04-16 12:31:27 DEBUG 		Validating config monaco/projects/workshop/slo/services-slo.json
2021-04-16 12:31:27 DEBUG 		Validating config monaco/projects/workshop/slo/monolith-slo.json
2021-04-16 12:31:27 DEBUG 		Validating config monaco/projects/workshop/auto-tag/auto-tag-project.json
2021-04-16 12:31:27 DEBUG 		Validating config monaco/projects/workshop/auto-tag/auto-tag-stage.json
2021-04-16 12:31:27 DEBUG 		Validating config monaco/projects/workshop/auto-tag/auto-tag-service.json
2021-04-16 12:31:27 INFO  Deployment summary:
2021-04-16 12:31:27 INFO  Validation finished without errors
